<?xml version="1.0" encoding="UTF-8"?>
<!-- Generated by org.testng.reporters.JUnitReportReporter -->
<testsuite hostname="DESKTOP-6VNPDG3" failures="0" tests="3" name="test.automation_testing.read_excel" time="0.009" errors="0" timestamp="2026-08-26T09:07:42 IST" skipped="0">
  <testcase classname="test.automation_testing.read_excel" name="test1" time="0.002"/>
  <system-out/>
  <testcase classname="test.automation_testing.read_excel" name="test1" time="0.002"/>
  <system-out/>
  <testcase classname="test.automation_testing.read_excel" name="test1" time="0.005"/>
  <system-out/>
</testsuite> <!-- test.automation_testing.read_excel -->
