<?xml version="1.0" encoding="UTF-8"?>
<!-- Generated by org.testng.reporters.JUnitReportReporter -->
<testsuite hostname="DESKTOP-6VNPDG3" failures="0" tests="2" name="test.automation_testing.first_testcase" time="0.004" errors="0" timestamp="2026-08-19T10:02:11 IST" skipped="0">
  <testcase classname="test.automation_testing.first_testcase" name="xyz" time="0.002"/>
  <system-out/>
  <testcase classname="test.automation_testing.first_testcase" name="show" time="0.002"/>
  <system-out/>
</testsuite> <!-- test.automation_testing.first_testcase -->
