<?xml version="1.0" encoding="UTF-8"?>
<!-- Generated by org.testng.reporters.JUnitReportReporter -->
<testsuite hostname="DESKTOP-6VNPDG3" failures="0" tests="2" name="test.automation_testing.demoqa" time="9.596" errors="0" timestamp="2026-08-19T10:02:11 IST" skipped="0">
  <testcase classname="test.automation_testing.demoqa" name="launch" time="9.479"/>
  <system-out/>
  <testcase classname="test.automation_testing.demoqa" name="student_reginfo" time="0.117"/>
  <system-out/>
</testsuite> <!-- test.automation_testing.demoqa -->
