<?xml version="1.0" encoding="UTF-8"?>
<!-- Generated by org.testng.reporters.JUnitReportReporter -->
<testsuite hostname="DESKTOP-6VNPDG3" failures="0" tests="3" name="test.automation_testing.priorityintestng" time="0.010" errors="0" timestamp="2026-08-18T15:51:28 IST" skipped="0">
  <testcase classname="test.automation_testing.priorityintestng" name="show" time="0.000"/>
  <system-out/>
  <testcase classname="test.automation_testing.priorityintestng" name="display" time="0.001"/>
  <system-out/>
  <testcase classname="test.automation_testing.priorityintestng" name="add" time="0.009"/>
  <system-out/>
</testsuite> <!-- test.automation_testing.priorityintestng -->
