<?xml version="1.0" encoding="UTF-8"?>
<!-- Generated by org.testng.reporters.JUnitReportReporter -->
<testsuite hostname="DESKTOP-6VNPDG3" failures="0" tests="2" name="test.automation_testing.priorityintestng" time="0.004" errors="0" timestamp="2026-08-21T09:41:48 IST" skipped="0">
  <testcase classname="test.automation_testing.priorityintestng" name="display" time="0.002"/>
  <system-out/>
  <testcase classname="test.automation_testing.priorityintestng" name="fct" time="0.002"/>
  <system-out/>
</testsuite> <!-- test.automation_testing.priorityintestng -->
