<?xml version="1.0" encoding="UTF-8"?>
<!-- Generated by org.testng.reporters.JUnitReportReporter -->
<testsuite hostname="DESKTOP-6VNPDG3" failures="0" tests="2" name="test.automation_testing.testdependency" time="0.010" errors="0" timestamp="2026-08-21T09:55:05 IST" skipped="0">
  <testcase classname="test.automation_testing.testdependency" name="dashboard" time="0.002"/>
  <system-out/>
  <testcase classname="test.automation_testing.testdependency" name="launch" time="0.008"/>
  <system-out/>
</testsuite> <!-- test.automation_testing.testdependency -->
