<?xml version="1.0" encoding="UTF-8"?>
<!-- Generated by org.testng.reporters.JUnitReportReporter -->
<testsuite hostname="DESKTOP-6VNPDG3" failures="0" tests="2" name="test.automation_testing.saucedemo_webapptesting" time="8.234" errors="0" timestamp="2026-08-20T09:56:36 IST" skipped="0">
  <testcase classname="test.automation_testing.saucedemo_webapptesting" name="first_user" time="4.342"/>
  <system-out/>
  <testcase classname="test.automation_testing.saucedemo_webapptesting" name="second_user" time="3.892"/>
  <system-out/>
</testsuite> <!-- test.automation_testing.saucedemo_webapptesting -->
