<?xml version="1.0" encoding="UTF-8"?>
<!-- Generated by org.testng.reporters.JUnitReportReporter -->
<testsuite hostname="DESKTOP-6VNPDG3" failures="0" tests="5" name="test_dataprovider.saucedemo_login_logouttest" time="25.264" errors="0" timestamp="2026-08-20T10:07:15 IST" skipped="0">
  <testcase classname="test_dataprovider.saucedemo_login_logouttest" name="test" time="8.999"/>
  <system-out/>
  <testcase classname="test_dataprovider.saucedemo_login_logouttest" name="test" time="3.789"/>
  <system-out/>
  <testcase classname="test_dataprovider.saucedemo_login_logouttest" name="test" time="4.600"/>
  <system-out/>
  <testcase classname="test_dataprovider.saucedemo_login_logouttest" name="test" time="3.797"/>
  <system-out/>
  <testcase classname="test_dataprovider.saucedemo_login_logouttest" name="test" time="4.079"/>
  <system-out/>
</testsuite> <!-- test_dataprovider.saucedemo_login_logouttest -->
