<?xml version="1.0" encoding="UTF-8"?>
<testng-results ignored="0" total="3" passed="3" failed="0" skipped="0">
  <reporter-output>
  </reporter-output>
  <suite started-at="2026-08-18T15:51:28 IST" name="Default suite" finished-at="2026-08-18T15:51:28 IST" duration-ms="37">
    <groups>
    </groups>
    <test started-at="2026-08-18T15:51:28 IST" name="Default test" finished-at="2026-08-18T15:51:28 IST" duration-ms="37">
      <class name="test.automation_testing.priorityintestng">
        <test-method signature="add()[pri:0, instance:test.automation_testing.priorityintestng@2ed2d9cb]" started-at="2026-08-18T15:51:28 IST" name="add" finished-at="2026-08-18T15:51:28 IST" duration-ms="9" status="PASS">
          <reporter-output>
          </reporter-output>
        </test-method> <!-- add -->
        <test-method signature="display()[pri:0, instance:test.automation_testing.priorityintestng@2ed2d9cb]" started-at="2026-08-18T15:51:28 IST" name="display" finished-at="2026-08-18T15:51:28 IST" duration-ms="1" status="PASS">
          <reporter-output>
          </reporter-output>
        </test-method> <!-- display -->
        <test-method signature="show()[pri:0, instance:test.automation_testing.priorityintestng@2ed2d9cb]" started-at="2026-08-18T15:51:28 IST" name="show" finished-at="2026-08-18T15:51:28 IST" duration-ms="0" status="PASS">
          <reporter-output>
          </reporter-output>
        </test-method> <!-- show -->
      </class> <!-- test.automation_testing.priorityintestng -->
    </test> <!-- Default test -->
  </suite> <!-- Default suite -->
</testng-results>
