<?xml version="1.0" encoding="UTF-8"?>
<!-- Generated by org.testng.reporters.JUnitXMLReporter -->
<testsuite ignored="3" hostname="DESKTOP-6VNPDG3" failures="0" tests="4" name="SmokeTest" time="0.056" errors="0" timestamp="2026-08-21T09:41:48 IST">
  <testcase classname="test.automation_testing.grouping_testcase" name="second" time="0.01"/>
  <testcase classname="test.automation_testing.grouping_testcase" name="third" time="0.004"/>
  <testcase classname="test.automation_testing.priorityintestng" name="display" time="0.002"/>
  <testcase classname="test.automation_testing.priorityintestng" name="fct" time="0.002"/>
  <testcase classname="test.automation_testing.priorityintestng" name="show" time="0.0">
    <ignored/>
  </testcase> <!-- show -->
  <testcase classname="test.automation_testing.priorityintestng" name="add" time="0.0">
    <ignored/>
  </testcase> <!-- add -->
  <testcase classname="test.automation_testing.grouping_testcase" name="first" time="0.0">
    <ignored/>
  </testcase> <!-- first -->
</testsuite> <!-- SmokeTest -->
