<?xml version="1.0" encoding="UTF-8"?>
<!-- Generated by org.testng.reporters.JUnitXMLReporter -->
<testsuite ignored="0" hostname="DESKTOP-6VNPDG3" failures="0" tests="8" name="Test" time="9.664" errors="0" timestamp="2026-08-19T10:02:10 IST">
  <testcase classname="test.automation_testing.parameterized_testing" name="add" time="0.012"/>
  <testcase classname="test.automation_testing.demoqa" name="launch" time="9.479"/>
  <testcase classname="test.automation_testing.demoqa" name="student_reginfo" time="0.117"/>
  <testcase classname="test.automation_testing.first_testcase" name="show" time="0.002"/>
  <testcase classname="test.automation_testing.first_testcase" name="xyz" time="0.002"/>
  <testcase classname="test.automation_testing.priorityintestng" name="add" time="0.001"/>
  <testcase classname="test.automation_testing.priorityintestng" name="display" time="0.003"/>
  <testcase classname="test.automation_testing.priorityintestng" name="show" time="0.002"/>
</testsuite> <!-- Test -->
