<?xml version="1.0" encoding="UTF-8"?>
<!-- Generated by org.testng.reporters.JUnitXMLReporter -->
<testsuite ignored="0" hostname="DESKTOP-6VNPDG3" failures="0" tests="5" name="Default test" time="25.318" errors="0" timestamp="2026-08-20T10:07:15 IST">
  <testcase classname="test_dataprovider.saucedemo_login_logouttest" name="test" time="4.6"/>
  <testcase classname="test_dataprovider.saucedemo_login_logouttest" name="test" time="4.079"/>
  <testcase classname="test_dataprovider.saucedemo_login_logouttest" name="test" time="8.999"/>
  <testcase classname="test_dataprovider.saucedemo_login_logouttest" name="test" time="3.797"/>
  <testcase classname="test_dataprovider.saucedemo_login_logouttest" name="test" time="3.789"/>
</testsuite> <!-- Default test -->
