<?xml version="1.0" encoding="UTF-8"?>
<!-- Generated by org.testng.reporters.JUnitXMLReporter -->
<testsuite ignored="0" hostname="DESKTOP-6VNPDG3" failures="0" tests="3" name="Default test" time="0.037" errors="0" timestamp="2026-08-18T15:51:28 IST">
  <testcase classname="test.automation_testing.priorityintestng" name="add" time="0.009"/>
  <testcase classname="test.automation_testing.priorityintestng" name="display" time="0.001"/>
  <testcase classname="test.automation_testing.priorityintestng" name="show" time="0.0"/>
</testsuite> <!-- Default test -->
